# JRE version: Java(TM) SE Runtime Environment (11.0+28) (build 11+28)
# Java VM: Java HotSpot(TM) 64-Bit Server VM (11+28, mixed mode, tiered, compressed oops, g1 gc, windows-amd64)
Heap:
 garbage-first heap   total 251904K, used 173578K [0x0000000080000000, 0x0000000100000000)
  region size 1024K, 119 young (121856K), 13 survivors (13312K)
 Metaspace       used 76584K, capacity 79085K, committed 79240K, reserved 1118208K
  class space    used 10119K, capacity 11042K, committed 11136K, reserved 1048576K
GC Heap History (10 events):
Event: 4.818 GC heap before
{Heap before GC invocations=6 (full 0):
 garbage-first heap   total 251904K, used 140993K [0x0000000080000000, 0x0000000100000000)
  region size 1024K, 119 young (121856K), 6 survivors (6144K)
 Metaspace       used 44966K, capacity 46064K, committed 46160K, reserved 1089536K
  class space    used 5708K, capacity 6129K, committed 6144K, reserved 1048576K
}
Event: 4.827 GC heap after
{Heap after GC invocations=7 (full 0):
 garbage-first heap   total 251904K, used 30286K [0x0000000080000000, 0x0000000100000000)
  region size 1024K, 14 young (14336K), 14 survivors (14336K)
 Metaspace       used 44966K, capacity 46064K, committed 46160K, reserved 1089536K
  class space    used 5708K, capacity 6129K, committed 6144K, reserved 1048576K
}
Event: 6.633 GC heap before
{Heap before GC invocations=7 (full 0):
 garbage-first heap   total 251904K, used 170574K [0x0000000080000000, 0x0000000100000000)
  region size 1024K, 147 young (150528K), 14 survivors (14336K)
 Metaspace       used 55539K, capacity 57083K, committed 57424K, reserved 1099776K
  class space    used 7013K, capacity 7593K, committed 7680K, reserved 1048576K
}
Event: 6.646 GC heap after
{Heap after GC invocations=8 (full 0):
 garbage-first heap   total 251904K, used 43366K [0x0000000080000000, 0x0000000100000000)
  region size 1024K, 17 young (17408K), 17 survivors (17408K)
 Metaspace       used 55539K, capacity 57083K, committed 57424K, reserved 1099776K
  class space    used 7013K, capacity 7593K, committed 7680K, reserved 1048576K
}
Event: 6.962 GC heap before
{Heap before GC invocations=8 (full 0):
 garbage-first heap   total 251904K, used 64870K [0x0000000080000000, 0x0000000100000000)
  region size 1024K, 39 young (39936K), 17 survivors (17408K)
 Metaspace       used 58644K, capacity 60178K, committed 60296K, reserved 1101824K
  class space    used 7424K, capacity 8023K, committed 8064K, reserved 1048576K
}
Event: 6.971 GC heap after
{Heap after GC invocations=9 (full 0):
 garbage-first heap   total 251904K, used 45115K [0x0000000080000000, 0x0000000100000000)
  region size 1024K, 12 young (12288K), 12 survivors (12288K)
 Metaspace       used 58644K, capacity 60178K, committed 60296K, reserved 1101824K
  class space    used 7424K, capacity 8023K, committed 8064K, reserved 1048576K
}
Event: 8.593 GC heap before
{Heap before GC invocations=10 (full 0):
 garbage-first heap   total 251904K, used 176187K [0x0000000080000000, 0x0000000100000000)
  region size 1024K, 140 young (143360K), 12 survivors (12288K)
 Metaspace       used 67563K, capacity 69329K, committed 69512K, reserved 1110016K
  class space    used 8661K, capacity 9335K, committed 9344K, reserved 1048576K
}
Event: 8.602 GC heap after
{Heap after GC invocations=11 (full 0):
 garbage-first heap   total 251904K, used 54922K [0x0000000080000000, 0x0000000100000000)
  region size 1024K, 12 young (12288K), 12 survivors (12288K)
 Metaspace       used 67563K, capacity 69329K, committed 69512K, reserved 1110016K
  class space    used 8661K, capacity 9335K, committed 9344K, reserved 1048576K
}
Event: 10.498 GC heap before
{Heap before GC invocations=11 (full 0):
 garbage-first heap   total 251904K, used 182922K [0x0000000080000000, 0x0000000100000000)
  region size 1024K, 137 young (140288K), 12 survivors (12288K)
 Metaspace       used 73761K, capacity 75949K, committed 76040K, reserved 1116160K
  class space    used 9624K, capacity 10430K, committed 10496K, reserved 1048576K
}
Event: 10.513 GC heap after
{Heap after GC invocations=12 (full 0):
 garbage-first heap   total 251904K, used 67082K [0x0000000080000000, 0x0000000100000000)
  region size 1024K, 13 young (13312K), 13 survivors (13312K)
 Metaspace       used 73761K, capacity 75949K, committed 76040K, reserved 1116160K
  class space    used 9624K, capacity 10430K, committed 10496K, reserved 1048576K
}

